<?xml version="1.0" encoding="UTF-8"?>
<testsuite xmlns:xsi="http://www.w3.org/2001/XMLSchema-instance" xsi:schemaLocation="https://maven.apache.org/surefire/maven-surefire-plugin/xsd/surefire-test-report.xsd" name="CucumberYandexMarketTV" time="191.853" tests="25" errors="0" skipped="0" failures="0">
  <properties>
[...]
</properties>
  <testcase name="Когда выбран пункт меню &quot;Маркет&quot;" classname="Сценарий: Выбор наушников" time="0.003"/>
  <testcase name="И в всплывающем окне Ваш регион нажата кнопка - Да, всё верно" classname="Сценарий: Выбор наушников" time="0"/>
  <testcase name="Когда выбран раздел меню &quot;Электроника&quot;" classname="Сценарий: Выбор наушников" time="0"/>
  <testcase name="И выбран пункт меню Электроника &quot;Наушники&quot;" classname="Сценарий: Выбор наушников" time="0"/>
  <testcase name="Когда нажата кнопка Перейти ко всем фильтрам" classname="Сценарий: Выбор наушников" time="0"/>
  <testcase name="Когда заполняются поля:" classname="Сценарий: Выбор наушников" time="0"/>
  <testcase name="Тогда выбран производитель Beats" classname="Сценарий: Выбор наушников" time="0"/>
  <testcase name="Тогда нажата кнопка Показать подходящие" classname="Сценарий: Выбор наушников" time="0"/>
  <testcase name="Тогда поиск первого элемента из списка наушников" classname="Сценарий: Выбор наушников" time="0"/>
  <testcase name="И в строку поиска введено значение первого элемента" classname="Сценарий: Выбор наушников" time="0"/>
  <testcase name="Тогда проверка наименования товара наушников, соответствует запомненному значению" classname="Сценарий: Выбор наушников" time="0"/>
  <testcase name="Сценарий: Выбор наушников" classname="Сценарий: Выбор наушников" time="2.143"/>
  <testcase name="Когда выбран пункт меню &quot;Маркет&quot;" classname="Сценарий: Выбор телевизора" time="0"/>
  <testcase name="Когда выбран раздел меню &quot;Электроника&quot;" classname="Сценарий: Выбор телевизора" time="0"/>
  <testcase name="И выбран пункт меню Электроника &quot;Телевизоры&quot;" classname="Сценарий: Выбор телевизора" time="0"/>
  <testcase name="Когда нажата кнопка Перейти ко всем фильтрам" classname="Сценарий: Выбор телевизора" time="0"/>
  <testcase name="Когда заполняются поля:" classname="Сценарий: Выбор телевизора" time="0"/>
  <testcase name="Тогда выбран производитель Samsung" classname="Сценарий: Выбор телевизора" time="0"/>
  <testcase name="И выбран производитель LG" classname="Сценарий: Выбор телевизора" time="0"/>
  <testcase name="Тогда нажата кнопка Показать подходящие" classname="Сценарий: Выбор телевизора" time="0"/>
  <testcase name="Когда количество элементов товара 48" classname="Сценарий: Выбор телевизора" time="0"/>
  <testcase name="Тогда поиск первого элемента из списка телевизоров" classname="Сценарий: Выбор телевизора" time="0"/>
  <testcase name="И в строку поиска введено значение первого элемента" classname="Сценарий: Выбор телевизора" time="0.001"/>
  <testcase name="Тогда проверка наименования товара Tv, соответствует запомненному значению" classname="Сценарий: Выбор телевизора" time="0"/>
  <testcase name="Сценарий: Выбор телевизора" classname="Сценарий: Выбор телевизора" time="1.166"/>
</testsuite>